<?xml version="1.0" encoding="UTF-8"?>
<!-- Generated by org.testng.reporters.JUnitXMLReporter -->
<testsuite hostname="AdminAs-MBP-4.fios-router.home" ignored="0" name="Tests" tests="4" failures="1" timestamp="19 Sep 2019 18:37:26 GMT" time="0.058" errors="0">
  <testcase name="testValuesAmountInFile" time="0.031" classname="tests.TestsWithoutCucumber"/>
  <testcase name="testValueGreaterThanZero" time="0.001" classname="tests.TestsWithoutCucumber"/>
  <testcase name="testTotalBalance" time="0.001" classname="tests.TestsWithoutCucumber">
    <failure type="java.lang.AssertionError" message="Summary of all values ($997000.0) doesn&amp;apos;t match with expected Total Balance. expected [1000000.0] but found [997000.0]">
      <![CDATA[java.lang.AssertionError: Summary of all values ($997000.0) doesn't match with expected Total Balance. expected [1000000.0] but found [997000.0]
at tests.TestsWithoutCucumber.testTotalBalance(Tests.java:46)
... Removed 32 stack frames]]>
    </failure>
  </testcase> <!-- testTotalBalance -->
  <testcase name="testValuesFormattedAsCurrencies" time="0.0" classname="tests.TestsWithoutCucumber"/>
</testsuite> <!-- Tests -->
